<?xml version="1.0" encoding="UTF-8"?>
<testsuite xmlns:xsi="http://www.w3.org/2001/XMLSchema-instance" xsi:noNamespaceSchemaLocation="https://maven.apache.org/surefire/maven-surefire-plugin/xsd/surefire-test-report.xsd" name="com.mycompany.mavenproject1.service.BanHangTester" time="1.292" tests="7" errors="0" skipped="0" failures="0">
  <properties>
[...]
</properties>
  <testcase name="testException" classname="com.mycompany.mavenproject1.service.BanHangTester" time="0.05"/>
  <testcase name="testTimeout" classname="com.mycompany.mavenproject1.service.BanHangTester" time="0.073"/>
  <testcase name="testdeleleHoaDon{int, int}[1]" classname="com.mycompany.mavenproject1.service.BanHangTester" time="0.032"/>
  <testcase name="testdeleleHoaDon{int, int}[2]" classname="com.mycompany.mavenproject1.service.BanHangTester" time="0.002"/>
  <testcase name="testSearchWithKeyWord" classname="com.mycompany.mavenproject1.service.BanHangTester" time="0.009"/>
  <testcase name="testSearchWithUnknownKeyWord" classname="com.mycompany.mavenproject1.service.BanHangTester" time="0.004"/>
  <testcase name="testSearchCateId" classname="com.mycompany.mavenproject1.service.BanHangTester" time="0.006"/>
</testsuite>